10 oct 2015 - 17:08:18 [WARN ] debug.Consola - mensaje de warn
10 oct 2015 - 17:08:18 [ERROR] debug.Consola - mensaje de error
10 oct 2015 - 17:08:18 [FATAL] debug.Consola - mensaje de fatal
10 oct 2015 - 20:59:48 [WARN ] debug.Consola - mensaje de warn
10 oct 2015 - 20:59:48 [ERROR] debug.Consola - mensaje de error
10 oct 2015 - 20:59:48 [FATAL] debug.Consola - mensaje de fatal
10 oct 2015 - 20:59:48 [WARN ] debug.Consola - mensaje de warn
10 oct 2015 - 20:59:48 [ERROR] debug.Consola - mensaje de error
10 oct 2015 - 20:59:48 [FATAL] debug.Consola - mensaje de fatal
10 oct 2015 - 21:01:25 [WARN ] debug.Consola - mensaje de warn
10 oct 2015 - 21:01:25 [ERROR] debug.Consola - mensaje de error
10 oct 2015 - 21:01:25 [FATAL] debug.Consola - mensaje de fatal
10 oct 2015 - 21:01:25 [WARN ] debug.Consola - mensaje de warn
10 oct 2015 - 21:01:25 [ERROR] debug.Consola - mensaje de error
10 oct 2015 - 21:01:25 [FATAL] debug.Consola - mensaje de fatal
10 oct 2015 - 21:03:36 [WARN ] debug.Consola - mensaje de warn
10 oct 2015 - 21:03:36 [ERROR] debug.Consola - mensaje de error
10 oct 2015 - 21:03:36 [FATAL] debug.Consola - mensaje de fatal
10 oct 2015 - 21:03:36 [WARN ] debug.Consola - mensaje de warn
10 oct 2015 - 21:03:36 [ERROR] debug.Consola - mensaje de error
10 oct 2015 - 21:03:36 [FATAL] debug.Consola - mensaje de fatal
10 oct 2015 - 21:04:43 [WARN ] debug.Consola - mensaje de warn
10 oct 2015 - 21:04:43 [ERROR] debug.Consola - mensaje de error
10 oct 2015 - 21:04:43 [FATAL] debug.Consola - mensaje de fatal
10 oct 2015 - 21:04:43 [WARN ] debug.Consola - mensaje de warn
10 oct 2015 - 21:04:43 [ERROR] debug.Consola - mensaje de error
10 oct 2015 - 21:04:43 [FATAL] debug.Consola - mensaje de fatal
11 oct 2015 - 23:39:10 [WARN ] debug.Consola - mensaje de warn
11 oct 2015 - 23:39:10 [ERROR] debug.Consola - mensaje de error
11 oct 2015 - 23:39:10 [FATAL] debug.Consola - mensaje de fatal
11 oct 2015 - 23:39:10 [WARN ] debug.Consola - mensaje de warn
11 oct 2015 - 23:39:10 [ERROR] debug.Consola - mensaje de error
11 oct 2015 - 23:39:10 [FATAL] debug.Consola - mensaje de fatal
12 oct 2015 - 09:13:27 [WARN ] debug.Consola - mensaje de warn
12 oct 2015 - 09:13:27 [ERROR] debug.Consola - mensaje de error
12 oct 2015 - 09:13:27 [FATAL] debug.Consola - mensaje de fatal
12 oct 2015 - 09:13:27 [WARN ] debug.Consola - mensaje de warn
12 oct 2015 - 09:13:27 [ERROR] debug.Consola - mensaje de error
12 oct 2015 - 09:13:27 [FATAL] debug.Consola - mensaje de fatal
12 oct 2015 - 09:38:09 [WARN ] debug.Consola - mensaje de warn
12 oct 2015 - 09:38:09 [ERROR] debug.Consola - mensaje de error
12 oct 2015 - 09:38:09 [FATAL] debug.Consola - mensaje de fatal
12 oct 2015 - 09:38:09 [WARN ] debug.Consola - mensaje de warn
12 oct 2015 - 09:38:09 [ERROR] debug.Consola - mensaje de error
12 oct 2015 - 09:38:09 [FATAL] debug.Consola - mensaje de fatal
12 oct 2015 - 09:39:23 [WARN ] debug.Consola - mensaje de warn
12 oct 2015 - 09:39:23 [ERROR] debug.Consola - mensaje de error
12 oct 2015 - 09:39:23 [FATAL] debug.Consola - mensaje de fatal
12 oct 2015 - 09:39:23 [WARN ] debug.Consola - mensaje de warn
12 oct 2015 - 09:39:23 [ERROR] debug.Consola - mensaje de error
12 oct 2015 - 09:39:23 [FATAL] debug.Consola - mensaje de fatal
12 oct 2015 - 09:40:04 [WARN ] debug.Consola - mensaje de warn
12 oct 2015 - 09:40:04 [ERROR] debug.Consola - mensaje de error
12 oct 2015 - 09:40:04 [FATAL] debug.Consola - mensaje de fatal
12 oct 2015 - 09:40:04 [WARN ] debug.Consola - mensaje de warn
12 oct 2015 - 09:40:04 [ERROR] debug.Consola - mensaje de error
12 oct 2015 - 09:40:04 [FATAL] debug.Consola - mensaje de fatal
12 oct 2015 - 13:52:36 [WARN ] debug.Consola - mensaje de warn
12 oct 2015 - 13:52:36 [ERROR] debug.Consola - mensaje de error
12 oct 2015 - 13:52:36 [FATAL] debug.Consola - mensaje de fatal
12 oct 2015 - 13:52:36 [WARN ] debug.Consola - mensaje de warn
12 oct 2015 - 13:52:36 [ERROR] debug.Consola - mensaje de error
12 oct 2015 - 13:52:36 [FATAL] debug.Consola - mensaje de fatal
12 oct 2015 - 22:27:24 [WARN ] debug.Consola - 1
12 oct 2015 - 22:27:24 [WARN ] debug.Consola - UNICO FACIL
12 oct 2015 - 22:27:24 [WARN ] debug.Consola - 100
12 oct 2015 - 22:27:24 [WARN ] debug.Consola - 900
12 oct 2015 - 22:27:24 [WARN ] debug.Consola - 0.16
12 oct 2015 - 22:27:24 [WARN ] debug.Consola - Electronicos
12 oct 2015 - 22:27:24 [WARN ] debug.Consola - null
12 oct 2015 - 22:27:24 [WARN ] debug.Consola - null
12 oct 2015 - 22:27:24 [WARN ] debug.Consola - 2
12 oct 2015 - 22:27:24 [WARN ] debug.Consola - AREPA
12 oct 2015 - 22:27:24 [WARN ] debug.Consola - 2000
12 oct 2015 - 22:27:24 [WARN ] debug.Consola - 900
12 oct 2015 - 22:27:24 [WARN ] debug.Consola - 0.16
12 oct 2015 - 22:27:24 [WARN ] debug.Consola - Electronicos
12 oct 2015 - 22:27:24 [WARN ] debug.Consola - null
12 oct 2015 - 22:27:24 [WARN ] debug.Consola - null
12 oct 2015 - 22:27:24 [WARN ] debug.Consola - 3
12 oct 2015 - 22:27:24 [WARN ] debug.Consola - pan
12 oct 2015 - 22:27:24 [WARN ] debug.Consola - 2
12 oct 2015 - 22:27:24 [WARN ] debug.Consola - 900
12 oct 2015 - 22:27:24 [WARN ] debug.Consola - 0.16
12 oct 2015 - 22:27:24 [WARN ] debug.Consola - Electronicos
12 oct 2015 - 22:27:24 [WARN ] debug.Consola - null
12 oct 2015 - 22:27:24 [WARN ] debug.Consola - null
12 oct 2015 - 22:27:24 [WARN ] debug.Consola - 4
12 oct 2015 - 22:27:24 [WARN ] debug.Consola - d
12 oct 2015 - 22:27:24 [WARN ] debug.Consola - 2
12 oct 2015 - 22:27:24 [WARN ] debug.Consola - 900
12 oct 2015 - 22:27:24 [WARN ] debug.Consola - 1
12 oct 2015 - 22:27:24 [WARN ] debug.Consola - Ropa
12 oct 2015 - 22:27:24 [WARN ] debug.Consola - null
12 oct 2015 - 22:27:24 [WARN ] debug.Consola - null
12 oct 2015 - 22:29:25 [WARN ] debug.Consola - 1
12 oct 2015 - 22:29:25 [WARN ] debug.Consola - UNICO FACIL
12 oct 2015 - 22:29:25 [WARN ] debug.Consola - 100
12 oct 2015 - 22:29:25 [WARN ] debug.Consola - 900
12 oct 2015 - 22:29:25 [WARN ] debug.Consola - 0.16
12 oct 2015 - 22:29:25 [WARN ] debug.Consola - Electronicos
12 oct 2015 - 22:29:25 [WARN ] debug.Consola - null
12 oct 2015 - 22:29:25 [WARN ] debug.Consola - null
12 oct 2015 - 22:29:25 [WARN ] debug.Consola - 2
12 oct 2015 - 22:29:25 [WARN ] debug.Consola - AREPA
12 oct 2015 - 22:29:25 [WARN ] debug.Consola - 2000
12 oct 2015 - 22:29:25 [WARN ] debug.Consola - 900
12 oct 2015 - 22:29:25 [WARN ] debug.Consola - 0.16
12 oct 2015 - 22:29:25 [WARN ] debug.Consola - Electronicos
12 oct 2015 - 22:29:25 [WARN ] debug.Consola - null
12 oct 2015 - 22:29:25 [WARN ] debug.Consola - null
12 oct 2015 - 22:29:25 [WARN ] debug.Consola - 3
12 oct 2015 - 22:29:25 [WARN ] debug.Consola - pan
12 oct 2015 - 22:29:25 [WARN ] debug.Consola - 2
12 oct 2015 - 22:29:25 [WARN ] debug.Consola - 900
12 oct 2015 - 22:29:25 [WARN ] debug.Consola - 0.16
12 oct 2015 - 22:29:25 [WARN ] debug.Consola - Electronicos
12 oct 2015 - 22:29:25 [WARN ] debug.Consola - null
12 oct 2015 - 22:29:25 [WARN ] debug.Consola - null
12 oct 2015 - 22:29:25 [WARN ] debug.Consola - 4
12 oct 2015 - 22:29:25 [WARN ] debug.Consola - d
12 oct 2015 - 22:29:25 [WARN ] debug.Consola - 2
12 oct 2015 - 22:29:25 [WARN ] debug.Consola - 900
12 oct 2015 - 22:29:25 [WARN ] debug.Consola - 1
12 oct 2015 - 22:29:25 [WARN ] debug.Consola - Ropa
12 oct 2015 - 22:29:25 [WARN ] debug.Consola - null
12 oct 2015 - 22:29:25 [WARN ] debug.Consola - null
12 oct 2015 - 22:34:56 [WARN ] debug.Consola - 1
12 oct 2015 - 22:34:56 [WARN ] debug.Consola - UNICO FACIL
12 oct 2015 - 22:34:56 [WARN ] debug.Consola - 100
12 oct 2015 - 22:34:56 [WARN ] debug.Consola - 900
12 oct 2015 - 22:34:56 [WARN ] debug.Consola - 0.16
12 oct 2015 - 22:34:56 [WARN ] debug.Consola - Electronicos
12 oct 2015 - 22:34:56 [WARN ] debug.Consola - null
12 oct 2015 - 22:34:56 [WARN ] debug.Consola - null
12 oct 2015 - 22:34:56 [WARN ] debug.Consola - 2
12 oct 2015 - 22:34:56 [WARN ] debug.Consola - AREPA
12 oct 2015 - 22:34:56 [WARN ] debug.Consola - 2000
12 oct 2015 - 22:34:56 [WARN ] debug.Consola - 900
12 oct 2015 - 22:34:56 [WARN ] debug.Consola - 0.16
12 oct 2015 - 22:34:56 [WARN ] debug.Consola - Electronicos
12 oct 2015 - 22:34:56 [WARN ] debug.Consola - null
12 oct 2015 - 22:34:56 [WARN ] debug.Consola - null
12 oct 2015 - 22:34:56 [WARN ] debug.Consola - 3
12 oct 2015 - 22:34:56 [WARN ] debug.Consola - pan
12 oct 2015 - 22:34:56 [WARN ] debug.Consola - 2
12 oct 2015 - 22:34:56 [WARN ] debug.Consola - 900
12 oct 2015 - 22:34:56 [WARN ] debug.Consola - 0.16
12 oct 2015 - 22:34:56 [WARN ] debug.Consola - Electronicos
12 oct 2015 - 22:34:56 [WARN ] debug.Consola - null
12 oct 2015 - 22:34:56 [WARN ] debug.Consola - null
12 oct 2015 - 22:34:56 [WARN ] debug.Consola - 4
12 oct 2015 - 22:34:56 [WARN ] debug.Consola - d
12 oct 2015 - 22:34:56 [WARN ] debug.Consola - 2
12 oct 2015 - 22:34:56 [WARN ] debug.Consola - 900
12 oct 2015 - 22:34:56 [WARN ] debug.Consola - 1
12 oct 2015 - 22:34:56 [WARN ] debug.Consola - Ropa
12 oct 2015 - 22:34:56 [WARN ] debug.Consola - null
12 oct 2015 - 22:34:56 [WARN ] debug.Consola - null
12 oct 2015 - 22:35:18 [WARN ] debug.Consola - true
12 oct 2015 - 22:36:16 [WARN ] debug.Consola - 1
12 oct 2015 - 22:36:16 [WARN ] debug.Consola - UNICO FACIL
12 oct 2015 - 22:36:16 [WARN ] debug.Consola - 100
12 oct 2015 - 22:36:16 [WARN ] debug.Consola - 900
12 oct 2015 - 22:36:16 [WARN ] debug.Consola - 0.16
12 oct 2015 - 22:36:16 [WARN ] debug.Consola - Electronicos
12 oct 2015 - 22:36:16 [WARN ] debug.Consola - null
12 oct 2015 - 22:36:16 [WARN ] debug.Consola - null
12 oct 2015 - 22:36:16 [WARN ] debug.Consola - 2
12 oct 2015 - 22:36:16 [WARN ] debug.Consola - AREPA
12 oct 2015 - 22:36:16 [WARN ] debug.Consola - 2000
12 oct 2015 - 22:36:16 [WARN ] debug.Consola - 900
12 oct 2015 - 22:36:16 [WARN ] debug.Consola - 0.16
12 oct 2015 - 22:36:16 [WARN ] debug.Consola - Electronicos
12 oct 2015 - 22:36:16 [WARN ] debug.Consola - null
12 oct 2015 - 22:36:16 [WARN ] debug.Consola - null
12 oct 2015 - 22:36:16 [WARN ] debug.Consola - 3
12 oct 2015 - 22:36:16 [WARN ] debug.Consola - pan
12 oct 2015 - 22:36:16 [WARN ] debug.Consola - 2
12 oct 2015 - 22:36:16 [WARN ] debug.Consola - 900
12 oct 2015 - 22:36:16 [WARN ] debug.Consola - 0.16
12 oct 2015 - 22:36:16 [WARN ] debug.Consola - Electronicos
12 oct 2015 - 22:36:16 [WARN ] debug.Consola - null
12 oct 2015 - 22:36:16 [WARN ] debug.Consola - null
12 oct 2015 - 22:36:16 [WARN ] debug.Consola - 4
12 oct 2015 - 22:36:16 [WARN ] debug.Consola - d
12 oct 2015 - 22:36:16 [WARN ] debug.Consola - 2
12 oct 2015 - 22:36:16 [WARN ] debug.Consola - 900
12 oct 2015 - 22:36:16 [WARN ] debug.Consola - 1
12 oct 2015 - 22:36:16 [WARN ] debug.Consola - Ropa
12 oct 2015 - 22:36:16 [WARN ] debug.Consola - null
12 oct 2015 - 22:36:16 [WARN ] debug.Consola - null
12 oct 2015 - 22:37:33 [WARN ] debug.Consola - 1
12 oct 2015 - 22:37:33 [WARN ] debug.Consola - UNICO FACIL
12 oct 2015 - 22:37:33 [WARN ] debug.Consola - 100
12 oct 2015 - 22:37:33 [WARN ] debug.Consola - 900
12 oct 2015 - 22:37:33 [WARN ] debug.Consola - 0.16
12 oct 2015 - 22:37:33 [WARN ] debug.Consola - Electronicos
12 oct 2015 - 22:37:33 [WARN ] debug.Consola - null
12 oct 2015 - 22:37:33 [WARN ] debug.Consola - null
12 oct 2015 - 22:37:33 [WARN ] debug.Consola - 2
12 oct 2015 - 22:37:33 [WARN ] debug.Consola - AREPA
12 oct 2015 - 22:37:33 [WARN ] debug.Consola - 2000
12 oct 2015 - 22:37:33 [WARN ] debug.Consola - 900
12 oct 2015 - 22:37:33 [WARN ] debug.Consola - 0.16
12 oct 2015 - 22:37:33 [WARN ] debug.Consola - Electronicos
12 oct 2015 - 22:37:33 [WARN ] debug.Consola - null
12 oct 2015 - 22:37:33 [WARN ] debug.Consola - null
12 oct 2015 - 22:37:33 [WARN ] debug.Consola - 3
12 oct 2015 - 22:37:33 [WARN ] debug.Consola - pan
12 oct 2015 - 22:37:33 [WARN ] debug.Consola - 2
12 oct 2015 - 22:37:33 [WARN ] debug.Consola - 900
12 oct 2015 - 22:37:33 [WARN ] debug.Consola - 0.16
12 oct 2015 - 22:37:33 [WARN ] debug.Consola - Electronicos
12 oct 2015 - 22:37:33 [WARN ] debug.Consola - null
12 oct 2015 - 22:37:33 [WARN ] debug.Consola - null
12 oct 2015 - 22:37:33 [WARN ] debug.Consola - 4
12 oct 2015 - 22:37:33 [WARN ] debug.Consola - d
12 oct 2015 - 22:37:33 [WARN ] debug.Consola - 2
12 oct 2015 - 22:37:33 [WARN ] debug.Consola - 900
12 oct 2015 - 22:37:33 [WARN ] debug.Consola - 1
12 oct 2015 - 22:37:33 [WARN ] debug.Consola - Ropa
12 oct 2015 - 22:37:33 [WARN ] debug.Consola - null
12 oct 2015 - 22:37:33 [WARN ] debug.Consola - null
12 oct 2015 - 22:37:53 [WARN ] debug.Consola - true
12 oct 2015 - 22:37:57 [WARN ] debug.Consola - true
12 oct 2015 - 22:38:07 [WARN ] debug.Consola - 1
12 oct 2015 - 22:38:07 [WARN ] debug.Consola - UNICO FACIL
12 oct 2015 - 22:38:07 [WARN ] debug.Consola - 100
12 oct 2015 - 22:38:07 [WARN ] debug.Consola - 900
12 oct 2015 - 22:38:07 [WARN ] debug.Consola - 0.16
12 oct 2015 - 22:38:07 [WARN ] debug.Consola - Electronicos
12 oct 2015 - 22:38:07 [WARN ] debug.Consola - null
12 oct 2015 - 22:38:07 [WARN ] debug.Consola - null
12 oct 2015 - 22:38:07 [WARN ] debug.Consola - 2
12 oct 2015 - 22:38:07 [WARN ] debug.Consola - AREPA
12 oct 2015 - 22:38:07 [WARN ] debug.Consola - 2000
12 oct 2015 - 22:38:07 [WARN ] debug.Consola - 900
12 oct 2015 - 22:38:07 [WARN ] debug.Consola - 0.16
12 oct 2015 - 22:38:07 [WARN ] debug.Consola - Electronicos
12 oct 2015 - 22:38:07 [WARN ] debug.Consola - null
12 oct 2015 - 22:38:07 [WARN ] debug.Consola - null
12 oct 2015 - 22:38:07 [WARN ] debug.Consola - 3
12 oct 2015 - 22:38:07 [WARN ] debug.Consola - pan
12 oct 2015 - 22:38:07 [WARN ] debug.Consola - 2
12 oct 2015 - 22:38:07 [WARN ] debug.Consola - 900
12 oct 2015 - 22:38:07 [WARN ] debug.Consola - 0.16
12 oct 2015 - 22:38:07 [WARN ] debug.Consola - Electronicos
12 oct 2015 - 22:38:07 [WARN ] debug.Consola - null
12 oct 2015 - 22:38:07 [WARN ] debug.Consola - null
12 oct 2015 - 22:38:07 [WARN ] debug.Consola - 4
12 oct 2015 - 22:38:07 [WARN ] debug.Consola - d
12 oct 2015 - 22:38:07 [WARN ] debug.Consola - 2
12 oct 2015 - 22:38:07 [WARN ] debug.Consola - 900
12 oct 2015 - 22:38:07 [WARN ] debug.Consola - 1
12 oct 2015 - 22:38:07 [WARN ] debug.Consola - Ropa
12 oct 2015 - 22:38:07 [WARN ] debug.Consola - null
12 oct 2015 - 22:38:07 [WARN ] debug.Consola - null
12 oct 2015 - 22:38:23 [WARN ] debug.Consola - true
12 oct 2015 - 22:47:07 [WARN ] debug.Consola - cargar
